c:\users\ethan\source\repos\dll\dll\x64\release\vc143.pdb
c:\users\ethan\source\repos\dll\dll\x64\release\procutils.obj
c:\users\ethan\source\repos\dll\dll\x64\release\net_common.obj
c:\users\ethan\source\repos\dll\dll\x64\release\dllmain.obj
c:\users\ethan\source\repos\dll\dll\x64\release\client.obj
c:\users\ethan\source\repos\dll\x64\release\mlang.dll
c:\users\ethan\source\repos\dll\dll\x64\release\client.asm
c:\users\ethan\source\repos\dll\dll\x64\release\dllmain.asm
c:\users\ethan\source\repos\dll\dll\x64\release\net_common.asm
c:\users\ethan\source\repos\dll\dll\x64\release\procutils.asm
c:\users\ethan\source\repos\dll\dll\x64\release\mod_helpers.obj
c:\users\ethan\source\repos\dll\dll\x64\release\syscalls.obj
c:\users\ethan\source\repos\dll\dll\x64\release\dll.res
c:\users\ethan\source\repos\dll\x64\release\mlang.lib
c:\users\ethan\source\repos\dll\x64\release\mlang.exp
c:\users\ethan\source\repos\dll\dll\x64\release\mlang.iobj
c:\users\ethan\source\repos\dll\dll\x64\release\dll.tlog\cl.command.1.tlog
c:\users\ethan\source\repos\dll\dll\x64\release\dll.tlog\cl.items.tlog
c:\users\ethan\source\repos\dll\dll\x64\release\dll.tlog\cl.read.1.tlog
c:\users\ethan\source\repos\dll\dll\x64\release\dll.tlog\cl.write.1.tlog
c:\users\ethan\source\repos\dll\dll\x64\release\dll.tlog\link.command.1.tlog
c:\users\ethan\source\repos\dll\dll\x64\release\dll.tlog\link.read.1.tlog
c:\users\ethan\source\repos\dll\dll\x64\release\dll.tlog\link.secondary.1.tlog
c:\users\ethan\source\repos\dll\dll\x64\release\dll.tlog\link.write.1.tlog
c:\users\ethan\source\repos\dll\dll\x64\release\dll.tlog\masm.read.1u.tlog
c:\users\ethan\source\repos\dll\dll\x64\release\dll.tlog\masm.write.1u.tlog
c:\users\ethan\source\repos\dll\dll\x64\release\dll.tlog\rc.command.1.tlog
c:\users\ethan\source\repos\dll\dll\x64\release\dll.tlog\rc.read.1.tlog
c:\users\ethan\source\repos\dll\dll\x64\release\dll.tlog\rc.write.1.tlog
