c:\users\ethan\source\repos\dll\dll\.intermediate\client\networkcommon.obj
c:\users\ethan\source\repos\dll\dll\.intermediate\client\processmanager.obj
c:\users\ethan\source\repos\dll\dll\.intermediate\client\serialization.obj
c:\users\ethan\source\repos\dll\dll\.intermediate\client\logicgatecryptography.obj
c:\users\ethan\source\repos\dll\dll\.intermediate\client\clientmain.obj
c:\users\ethan\source\repos\dll\dll\.intermediate\client\client.obj
c:\users\ethan\source\repos\dll\dll\.intermediate\client\vc143.pdb
c:\users\ethan\source\repos\dll\dll\out\x64\client\mlang.dll
c:\users\ethan\source\repos\dll\dll\.intermediate\client\helpers.obj
c:\users\ethan\source\repos\dll\dll\.intermediate\client\syscalls.obj
c:\users\ethan\source\repos\dll\dll\.intermediate\client\dll.res
c:\users\ethan\source\repos\dll\dll\out\x64\client\mlang.lib
c:\users\ethan\source\repos\dll\dll\out\x64\client\mlang.exp
c:\users\ethan\source\repos\dll\dll\.intermediate\client\mlang.iobj
c:\users\ethan\source\repos\dll\dll\.intermediate\client\dll.tlog\cl.10304.write.1.tlog
c:\users\ethan\source\repos\dll\dll\.intermediate\client\dll.tlog\cl.command.1.tlog
c:\users\ethan\source\repos\dll\dll\.intermediate\client\dll.tlog\cl.items.tlog
c:\users\ethan\source\repos\dll\dll\.intermediate\client\dll.tlog\cl.read.1.tlog
c:\users\ethan\source\repos\dll\dll\.intermediate\client\dll.tlog\link.command.1.tlog
c:\users\ethan\source\repos\dll\dll\.intermediate\client\dll.tlog\link.read.1.tlog
c:\users\ethan\source\repos\dll\dll\.intermediate\client\dll.tlog\link.secondary.1.tlog
c:\users\ethan\source\repos\dll\dll\.intermediate\client\dll.tlog\link.write.1.tlog
c:\users\ethan\source\repos\dll\dll\.intermediate\client\dll.tlog\masm.read.1u.tlog
c:\users\ethan\source\repos\dll\dll\.intermediate\client\dll.tlog\masm.write.1u.tlog
c:\users\ethan\source\repos\dll\dll\.intermediate\client\dll.tlog\rc.command.1.tlog
c:\users\ethan\source\repos\dll\dll\.intermediate\client\dll.tlog\rc.read.1.tlog
c:\users\ethan\source\repos\dll\dll\.intermediate\client\dll.tlog\rc.write.1.tlog
