  Assembling src\Helpers.asm...
  Assembling src\Syscalls.asm...
  Client.cpp
  ClientMain.cpp
  LogicgateCryptography.cpp
  NetworkCommon.cpp
  ProcessManager.cpp
  Serialization.cpp
C:\Users\ethan\source\repos\DLL\DLL\api\NetworkTypes.h(119,105): warning C4267: '=': conversion from 'size_t' to 'uint16_t', possible loss of data
C:\Users\ethan\source\repos\DLL\DLL\api\NetworkTypes.h(120,82): warning C4267: '=': conversion from 'size_t' to 'uint16_t', possible loss of data
C:\Users\ethan\source\repos\DLL\DLL\api\NetworkTypes.h(122,9): warning C4086: expected pragma parameter to be '1', '2', '4', '8', or '16'
C:\Users\ethan\source\repos\DLL\DLL\src\ProcessManager.cpp(200,24): warning C4312: 'type cast': conversion from 'DWORD' to 'HANDLE' of greater size
C:\Users\ethan\source\repos\DLL\DLL\api\NetworkTypes.h(119,105): warning C4267: '=': conversion from 'size_t' to 'uint16_t', possible loss of data
C:\Users\ethan\source\repos\DLL\DLL\api\NetworkTypes.h(120,82): warning C4267: '=': conversion from 'size_t' to 'uint16_t', possible loss of data
C:\Users\ethan\source\repos\DLL\DLL\api\NetworkTypes.h(122,9): warning C4086: expected pragma parameter to be '1', '2', '4', '8', or '16'
C:\Users\ethan\source\repos\DLL\DLL\api\NetworkTypes.h(119,105): warning C4267: '=': conversion from 'size_t' to 'uint16_t', possible loss of data
C:\Users\ethan\source\repos\DLL\DLL\api\NetworkTypes.h(120,82): warning C4267: '=': conversion from 'size_t' to 'uint16_t', possible loss of data
C:\Users\ethan\source\repos\DLL\DLL\api\NetworkTypes.h(122,9): warning C4086: expected pragma parameter to be '1', '2', '4', '8', or '16'
C:\Users\ethan\source\repos\DLL\DLL\api\NetworkTypes.h(119,105): warning C4267: '=': conversion from 'size_t' to 'uint16_t', possible loss of data
C:\Users\ethan\source\repos\DLL\DLL\api\NetworkTypes.h(120,82): warning C4267: '=': conversion from 'size_t' to 'uint16_t', possible loss of data
C:\Users\ethan\source\repos\DLL\DLL\api\NetworkTypes.h(122,9): warning C4086: expected pragma parameter to be '1', '2', '4', '8', or '16'
C:\Users\ethan\source\repos\DLL\DLL\api\NetworkTypes.h(119,105): warning C4267: '=': conversion from 'size_t' to 'uint16_t', possible loss of data
C:\Users\ethan\source\repos\DLL\DLL\api\NetworkTypes.h(120,82): warning C4267: '=': conversion from 'size_t' to 'uint16_t', possible loss of data
C:\Users\ethan\source\repos\DLL\DLL\api\NetworkTypes.h(122,9): warning C4086: expected pragma parameter to be '1', '2', '4', '8', or '16'
C:\Users\ethan\source\repos\DLL\DLL\src\LogicgateCryptography.cpp(42,63): warning C4267: 'argument': conversion from 'size_t' to 'int', possible loss of data
C:\Users\ethan\source\repos\DLL\DLL\src\LogicgateCryptography.cpp(161,38): warning C4267: 'argument': conversion from 'size_t' to 'int', possible loss of data
C:\Users\ethan\source\repos\DLL\DLL\src\LogicgateCryptography.cpp(162,39): warning C4267: 'argument': conversion from 'size_t' to 'int', possible loss of data
C:\Users\ethan\source\repos\DLL\DLL\src\LogicgateCryptography.cpp(173,38): warning C4267: 'argument': conversion from 'size_t' to 'int', possible loss of data
C:\Users\ethan\source\repos\DLL\DLL\src\LogicgateCryptography.cpp(174,39): warning C4267: 'argument': conversion from 'size_t' to 'int', possible loss of data
C:\Users\ethan\source\repos\DLL\DLL\src\NetworkCommon.cpp(61,58): warning C4312: 'type cast': conversion from 'int' to 'char *' of greater size
C:\Users\ethan\source\repos\DLL\DLL\src\NetworkCommon.cpp(87,41): warning C4267: 'argument': conversion from 'size_t' to 'int', possible loss of data
C:\Users\ethan\source\repos\DLL\DLL\src\Client.cpp(104,27): warning C4267: '=': conversion from 'size_t' to 'USHORT', possible loss of data
C:\Users\ethan\source\repos\DLL\DLL\src\Client.cpp(112,33): warning C4267: '=': conversion from 'size_t' to 'USHORT', possible loss of data
C:\Users\ethan\source\repos\DLL\DLL\api\NetworkCommon.h(103,36): warning C4267: 'argument': conversion from 'size_t' to 'int', possible loss of data
C:\Users\ethan\source\repos\DLL\DLL\api\NetworkCommon.h(125,36): warning C4267: 'argument': conversion from 'size_t' to 'int', possible loss of data
C:\Users\ethan\source\repos\DLL\DLL\api\NetworkCommon.h(176,58): warning C4267: 'argument': conversion from 'size_t' to 'u_long', possible loss of data
C:\Users\ethan\source\repos\DLL\DLL\api\NetworkCommon.h(191,32): warning C4267: 'argument': conversion from 'size_t' to 'int', possible loss of data
C:\Users\ethan\source\repos\DLL\DLL\api\NetworkCommon.h(209,32): warning C4267: 'argument': conversion from 'size_t' to 'int', possible loss of data
C:\Program Files\Microsoft Visual Studio\2022\Community\VC\Tools\MSVC\14.40.33807\include\xutility(4672,18): warning C4244: '=': conversion from 'wchar_t' to 'char', possible loss of data
ClientMain.obj : warning LNK4104: export of symbol 'DllCanUnloadNow' should be PRIVATE
ClientMain.obj : warning LNK4104: export of symbol 'DllGetClassObject' should be PRIVATE
     Creating library C:\Users\ethan\source\repos\DLL\x64\Client\mlang.lib and object C:\Users\ethan\source\repos\DLL\x64\Client\mlang.exp
  Generating code
  Finished generating code
LINK : warning LNK4039: section 'SECTION:.didat' specified with /SECTION option does not exist
  DLL.vcxproj -> C:\Users\ethan\source\repos\DLL\x64\Client\mlang.dll
