c:\users\ethan\source\repos\dll\dll\x64\server\vc143.pdb
c:\users\ethan\source\repos\dll\dll\x64\server\servermain.obj
c:\users\ethan\source\repos\dll\dll\x64\server\server.obj
c:\users\ethan\source\repos\dll\dll\x64\server\procutils.obj
c:\users\ethan\source\repos\dll\dll\x64\server\net_common.obj
c:\users\ethan\source\repos\dll\dll\x64\server\client.obj
c:\users\ethan\source\repos\dll\x64\server\server.exe
c:\users\ethan\source\repos\dll\dll\x64\server\client.asm
c:\users\ethan\source\repos\dll\dll\x64\server\net_common.asm
c:\users\ethan\source\repos\dll\dll\x64\server\procutils.asm
c:\users\ethan\source\repos\dll\dll\x64\server\server.asm
c:\users\ethan\source\repos\dll\dll\x64\server\servermain.asm
c:\users\ethan\source\repos\dll\dll\x64\server\mod_helpers.obj
c:\users\ethan\source\repos\dll\dll\x64\server\syscalls.obj
c:\users\ethan\source\repos\dll\dll\x64\server\server.iobj
c:\users\ethan\source\repos\dll\dll\x64\server\dll.tlog\cl.command.1.tlog
c:\users\ethan\source\repos\dll\dll\x64\server\dll.tlog\cl.items.tlog
c:\users\ethan\source\repos\dll\dll\x64\server\dll.tlog\cl.read.1.tlog
c:\users\ethan\source\repos\dll\dll\x64\server\dll.tlog\cl.write.1.tlog
c:\users\ethan\source\repos\dll\dll\x64\server\dll.tlog\link.command.1.tlog
c:\users\ethan\source\repos\dll\dll\x64\server\dll.tlog\link.read.1.tlog
c:\users\ethan\source\repos\dll\dll\x64\server\dll.tlog\link.secondary.1.tlog
c:\users\ethan\source\repos\dll\dll\x64\server\dll.tlog\link.write.1.tlog
c:\users\ethan\source\repos\dll\dll\x64\server\dll.tlog\masm.read.1u.tlog
c:\users\ethan\source\repos\dll\dll\x64\server\dll.tlog\masm.write.1u.tlog
