c:\users\ethan\source\repos\dll\dll\.intermediate\server\serialization.obj
c:\users\ethan\source\repos\dll\dll\.intermediate\server\networkcommon.obj
c:\users\ethan\source\repos\dll\dll\.intermediate\server\processmanager.obj
c:\users\ethan\source\repos\dll\dll\.intermediate\server\logicgatecryptography.obj
c:\users\ethan\source\repos\dll\dll\.intermediate\server\serverinterface.obj
c:\users\ethan\source\repos\dll\dll\.intermediate\server\client.obj
c:\users\ethan\source\repos\dll\dll\.intermediate\server\servermain.obj
c:\users\ethan\source\repos\dll\dll\.intermediate\server\vc143.pdb
c:\users\ethan\source\repos\dll\dll\out\x64\server\server.exe
c:\users\ethan\source\repos\dll\dll\.intermediate\server\helpers.obj
c:\users\ethan\source\repos\dll\dll\.intermediate\server\syscalls.obj
c:\users\ethan\source\repos\dll\dll\.intermediate\server\server.iobj
c:\users\ethan\source\repos\dll\dll\.intermediate\server\dll.tlog\cl.10540.write.1.tlog
c:\users\ethan\source\repos\dll\dll\.intermediate\server\dll.tlog\cl.command.1.tlog
c:\users\ethan\source\repos\dll\dll\.intermediate\server\dll.tlog\cl.items.tlog
c:\users\ethan\source\repos\dll\dll\.intermediate\server\dll.tlog\cl.read.1.tlog
c:\users\ethan\source\repos\dll\dll\.intermediate\server\dll.tlog\link.command.1.tlog
c:\users\ethan\source\repos\dll\dll\.intermediate\server\dll.tlog\link.read.1.tlog
c:\users\ethan\source\repos\dll\dll\.intermediate\server\dll.tlog\link.secondary.1.tlog
c:\users\ethan\source\repos\dll\dll\.intermediate\server\dll.tlog\link.write.1.tlog
c:\users\ethan\source\repos\dll\dll\.intermediate\server\dll.tlog\masm.read.1u.tlog
c:\users\ethan\source\repos\dll\dll\.intermediate\server\dll.tlog\masm.write.1u.tlog
